TN:
SF:GlobalEnv.js
FNF:0
FNH:0
DA:1,1
LF:1
LH:1
BRDA:4,0,0,1
BRDA:4,0,1,1
BRDA:5,1,0,1
BRDA:5,1,1,1
BRDA:6,2,0,1
BRDA:6,2,1,1
BRDA:7,3,0,1
BRDA:7,3,1,1
BRDA:8,4,0,1
BRDA:8,4,1,1
BRDA:9,5,0,1
BRDA:9,5,1,1
BRDA:10,6,0,1
BRDA:10,6,1,1
BRDA:11,7,0,1
BRDA:11,7,1,1
BRF:16
BRH:16
end_of_record
TN:
SF:app.js
FN:16,(anonymous_0)
FNF:1
FNH:0
FNDA:0,(anonymous_0)
DA:2,1
DA:3,1
DA:4,1
DA:5,1
DA:6,1
DA:7,1
DA:9,1
DA:10,1
DA:11,1
DA:12,1
DA:13,1
DA:14,1
DA:15,1
DA:16,1
DA:17,0
DA:20,1
LF:16
LH:15
BRF:0
BRH:0
end_of_record
TN:
SF:connect.js
FN:4,(anonymous_0)
FNF:1
FNH:1
FNDA:4,(anonymous_0)
DA:1,1
DA:2,1
DA:4,1
DA:5,4
LF:4
LH:4
BRF:0
BRH:0
end_of_record
TN:
SF:index.js
FN:4,(anonymous_0)
FNF:1
FNH:1
FNDA:1,(anonymous_0)
DA:1,1
DA:2,1
DA:4,1
DA:5,1
LF:4
LH:4
BRF:0
BRH:0
end_of_record
TN:
SF:controllers\searchservices.js
FN:5,(anonymous_0)
FN:27,searchCategory
FN:34,(anonymous_2)
FN:54,searchService
FN:58,(anonymous_4)
FN:70,getHomeServices
FN:73,(anonymous_6)
FNF:7
FNH:5
FNDA:2,(anonymous_0)
FNDA:1,searchCategory
FNDA:1,(anonymous_2)
FNDA:0,searchService
FNDA:0,(anonymous_4)
FNDA:1,getHomeServices
FNDA:1,(anonymous_6)
DA:1,1
DA:2,1
DA:3,1
DA:5,1
DA:7,2
DA:8,2
DA:11,1
DA:12,1
DA:16,1
DA:17,1
DA:20,0
DA:31,1
DA:32,1
DA:33,1
DA:34,1
DA:35,1
DA:36,0
DA:41,1
DA:42,1
DA:47,0
DA:48,0
DA:55,0
DA:56,0
DA:58,0
DA:59,0
DA:60,0
DA:65,0
DA:72,1
DA:73,1
DA:74,1
DA:75,1
DA:80,0
DA:85,1
LF:33
LH:22
BRDA:8,0,0,1
BRDA:8,0,1,1
BRDA:8,0,2,0
BRDA:35,1,0,0
BRDA:35,1,1,1
BRDA:41,2,0,1
BRDA:41,2,1,0
BRDA:59,3,0,0
BRDA:59,3,1,0
BRDA:74,4,0,1
BRDA:74,4,1,0
BRF:11
BRH:5
end_of_record
TN:
SF:controllers\service.js
FN:7,(anonymous_0)
FN:66,validationCreateService
FN:98,serviceExists
FN:101,(anonymous_3)
FN:127,recoverService
FN:130,(anonymous_5)
FN:147,createService
FN:151,(anonymous_7)
FN:167,editService
FN:173,(anonymous_9)
FN:190,deleteService
FN:195,(anonymous_11)
FN:210,getMyServices
FN:213,(anonymous_13)
FNF:14
FNH:7
FNDA:3,(anonymous_0)
FNDA:0,validationCreateService
FNDA:0,serviceExists
FNDA:0,(anonymous_3)
FNDA:0,recoverService
FNDA:0,(anonymous_5)
FNDA:0,createService
FNDA:0,(anonymous_7)
FNDA:1,editService
FNDA:1,(anonymous_9)
FNDA:1,deleteService
FNDA:1,(anonymous_11)
FNDA:1,getMyServices
FNDA:1,(anonymous_13)
DA:1,1
DA:2,1
DA:3,1
DA:4,1
DA:5,1
DA:7,1
DA:9,3
DA:12,3
DA:13,3
DA:15,0
DA:16,0
DA:21,0
DA:23,0
DA:26,1
DA:27,0
DA:32,1
DA:34,1
DA:37,1
DA:38,0
DA:43,1
DA:45,1
DA:48,1
DA:49,0
DA:54,1
DA:56,1
DA:59,0
DA:67,0
DA:68,0
DA:69,0
DA:71,0
DA:73,0
DA:75,0
DA:76,0
DA:79,0
DA:85,0
DA:86,0
DA:89,0
DA:100,0
DA:101,0
DA:103,0
DA:104,0
DA:105,0
DA:107,0
DA:108,0
DA:109,0
DA:113,0
DA:114,0
DA:115,0
DA:118,0
DA:119,0
DA:129,0
DA:130,0
DA:132,0
DA:133,0
DA:138,0
DA:148,0
DA:149,0
DA:153,0
DA:154,0
DA:159,0
DA:169,1
DA:170,1
DA:172,1
DA:173,1
DA:175,1
DA:176,1
DA:181,0
DA:192,1
DA:194,1
DA:195,1
DA:196,1
DA:197,1
DA:202,0
DA:212,1
DA:213,1
DA:214,1
DA:215,1
DA:220,0
DA:226,1
LF:79
LH:34
BRDA:13,0,0,0
BRDA:13,0,1,1
BRDA:13,0,2,1
BRDA:13,0,3,1
BRDA:13,0,4,0
BRDA:15,1,0,0
BRDA:15,1,1,0
BRDA:26,2,0,0
BRDA:26,2,1,1
BRDA:37,3,0,0
BRDA:37,3,1,1
BRDA:48,4,0,0
BRDA:48,4,1,1
BRDA:73,5,0,0
BRDA:73,5,1,0
BRDA:73,5,2,0
BRDA:73,5,3,0
BRDA:103,6,0,0
BRDA:103,6,1,0
BRDA:107,7,0,0
BRDA:107,7,1,0
BRDA:113,8,0,0
BRDA:113,8,1,0
BRDA:132,9,0,0
BRDA:132,9,1,0
BRDA:153,10,0,0
BRDA:153,10,1,0
BRDA:175,11,0,1
BRDA:175,11,1,0
BRDA:196,12,0,1
BRDA:196,12,1,0
BRDA:214,13,0,1
BRDA:214,13,1,0
BRF:33
BRH:9
end_of_record
TN:
SF:controllers\user.js
FN:8,(anonymous_0)
FN:34,registerUser
FN:41,(anonymous_2)
FN:45,(anonymous_3)
FN:68,loginUser
FN:73,(anonymous_5)
FN:85,(anonymous_6)
FN:119,searchUser
FN:125,(anonymous_8)
FN:144,getUsers
FN:150,(anonymous_10)
FNF:11
FNH:0
FNDA:0,(anonymous_0)
FNDA:0,registerUser
FNDA:0,(anonymous_2)
FNDA:0,(anonymous_3)
FNDA:0,loginUser
FNDA:0,(anonymous_5)
FNDA:0,(anonymous_6)
FNDA:0,searchUser
FNDA:0,(anonymous_8)
FNDA:0,getUsers
FNDA:0,(anonymous_10)
DA:1,1
DA:2,1
DA:3,1
DA:4,1
DA:5,1
DA:8,1
DA:12,0
DA:13,0
DA:15,0
DA:16,0
DA:18,0
DA:19,0
DA:21,0
DA:22,0
DA:24,0
DA:25,0
DA:27,0
DA:36,0
DA:37,0
DA:38,0
DA:41,0
DA:42,0
DA:43,0
DA:47,0
DA:48,0
DA:53,0
DA:69,0
DA:70,0
DA:71,0
DA:74,0
DA:76,0
DA:77,0
DA:82,0
DA:83,0
DA:84,0
DA:86,0
DA:87,0
DA:92,0
DA:93,0
DA:94,0
DA:95,0
DA:120,0
DA:121,0
DA:122,0
DA:126,0
DA:127,0
DA:132,0
DA:139,0
DA:140,0
DA:146,0
DA:147,0
DA:151,0
DA:152,0
DA:157,0
DA:164,0
DA:165,0
DA:169,1
LF:57
LH:7
BRDA:13,0,0,0
BRDA:13,0,1,0
BRDA:13,0,2,0
BRDA:13,0,3,0
BRDA:13,0,4,0
BRDA:47,1,0,0
BRDA:47,1,1,0
BRDA:74,2,0,0
BRDA:74,2,1,0
BRDA:76,3,0,0
BRDA:76,3,1,0
BRDA:76,4,0,0
BRDA:76,4,1,0
BRDA:82,5,0,0
BRDA:82,5,1,0
BRDA:86,6,0,0
BRDA:86,6,1,0
BRDA:92,7,0,0
BRDA:92,7,1,0
BRDA:126,8,0,0
BRDA:126,8,1,0
BRDA:151,9,0,0
BRDA:151,9,1,0
BRF:23
BRH:0
end_of_record
TN:
SF:middleware\auth.js
FN:5,ensureAuthenticated
FN:20,(anonymous_1)
FN:24,(anonymous_2)
FNF:3
FNH:2
FNDA:3,ensureAuthenticated
FNDA:3,(anonymous_1)
FNDA:0,(anonymous_2)
DA:1,1
DA:2,1
DA:3,1
DA:6,3
DA:7,0
DA:13,3
DA:14,3
DA:16,3
DA:19,3
DA:21,3
DA:22,3
DA:25,0
DA:26,0
DA:27,0
DA:28,0
DA:29,0
DA:30,0
DA:31,0
DA:39,1
LF:19
LH:11
BRDA:6,0,0,0
BRDA:6,0,1,3
BRDA:16,1,0,0
BRDA:16,1,1,3
BRDA:26,2,0,0
BRDA:26,2,1,0
BRDA:27,3,0,0
BRDA:27,3,1,0
BRF:8
BRH:2
end_of_record
TN:
SF:models\Servicios.js
FN:5,(anonymous_0)
FNF:1
FNH:0
FNDA:0,(anonymous_0)
DA:6,0
DA:11,0
DA:14,1
LF:3
LH:1
BRF:0
BRH:0
end_of_record
TN:
SF:models\Usuarios.js
FN:4,(anonymous_0)
FNF:1
FNH:0
FNDA:0,(anonymous_0)
DA:5,0
DA:19,1
LF:2
LH:1
BRF:0
BRH:0
end_of_record
TN:
SF:routes\index.js
FN:9,(anonymous_0)
FN:16,(anonymous_1)
FN:26,(anonymous_2)
FNF:3
FNH:1
FNDA:5,(anonymous_0)
FNDA:0,(anonymous_1)
FNDA:0,(anonymous_2)
DA:1,1
DA:2,1
DA:3,1
DA:4,1
DA:5,1
DA:6,1
DA:7,1
DA:8,1
DA:9,1
DA:10,5
DA:11,5
DA:12,5
DA:13,5
DA:16,1
DA:17,0
DA:20,1
DA:23,1
DA:24,1
DA:26,1
DA:27,0
DA:32,1
DA:35,1
LF:22
LH:20
BRF:0
BRH:0
end_of_record
TN:
SF:services\index.js
FN:5,createToken
FN:14,decodeToken
FN:17,(anonymous_2)
FNF:3
FNH:2
FNDA:0,createToken
FNDA:3,decodeToken
FNDA:3,(anonymous_2)
DA:1,1
DA:2,1
DA:3,1
DA:6,0
DA:11,0
DA:15,3
DA:16,3
DA:17,3
DA:18,3
DA:19,3
DA:20,3
DA:21,0
DA:22,0
DA:23,0
DA:24,0
DA:26,3
DA:27,3
DA:28,3
DA:29,3
DA:32,3
DA:34,0
DA:35,0
DA:36,0
DA:37,0
DA:40,3
DA:42,1
LF:26
LH:16
BRDA:20,0,0,0
BRDA:20,0,1,3
BRF:2
BRH:1
end_of_record
TN:
SF:util\comun.js
FN:6,ObjectResponse
FN:16,validateLanguage
FN:26,getLanguage
FN:31,sendMail
FN:37,(anonymous_4)
FN:54,(anonymous_5)
FN:61,evalObjectValue
FN:64,(anonymous_7)
FN:73,base64_encode
FN:81,base64_decode
FN:94,validateEmail
FN:99,validateUrl
FNF:12
FNH:0
FNDA:0,ObjectResponse
FNDA:0,validateLanguage
FNDA:0,getLanguage
FNDA:0,sendMail
FNDA:0,(anonymous_4)
FNDA:0,(anonymous_5)
FNDA:0,evalObjectValue
FNDA:0,(anonymous_7)
FNDA:0,base64_encode
FNDA:0,base64_decode
FNDA:0,validateEmail
FNDA:0,validateUrl
DA:2,1
DA:3,1
DA:4,1
DA:7,0
DA:13,0
DA:17,0
DA:18,0
DA:19,0
DA:20,0
DA:22,0
DA:27,0
DA:28,0
DA:32,0
DA:33,0
DA:34,0
DA:35,0
DA:36,0
DA:37,0
DA:38,0
DA:39,0
DA:40,0
DA:41,0
DA:42,0
DA:44,0
DA:47,0
DA:48,0
DA:54,0
DA:55,0
DA:56,0
DA:57,0
DA:62,0
DA:63,0
DA:64,0
DA:65,0
DA:66,0
DA:70,0
DA:75,0
DA:77,0
DA:83,0
DA:84,0
DA:86,0
DA:88,0
DA:90,0
DA:91,0
DA:95,0
DA:96,0
DA:100,0
DA:101,0
DA:104,1
LF:49
LH:4
BRDA:17,0,0,0
BRDA:17,0,1,0
BRDA:18,1,0,0
BRDA:18,1,1,0
BRDA:19,2,0,0
BRDA:19,2,1,0
BRDA:27,3,0,0
BRDA:27,3,1,0
BRDA:31,4,0,0
BRDA:65,5,0,0
BRDA:65,5,1,0
BRDA:84,6,0,0
BRDA:84,6,1,0
BRDA:84,7,0,0
BRDA:84,7,1,0
BRF:15
BRH:0
end_of_record
TN:
SF:util\constant.js
FNF:0
FNH:0
DA:3,1
DA:8,1
LF:2
LH:2
BRF:0
BRH:0
end_of_record
