TN:
SF:GlobalEnv.js
FNF:0
FNH:0
DA:1,1
LF:1
LH:1
BRDA:4,0,0,1
BRDA:4,0,1,1
BRDA:5,1,0,1
BRDA:5,1,1,1
BRDA:6,2,0,1
BRDA:6,2,1,1
BRDA:7,3,0,1
BRDA:7,3,1,1
BRDA:8,4,0,1
BRDA:8,4,1,1
BRDA:9,5,0,1
BRDA:9,5,1,1
BRDA:10,6,0,1
BRDA:10,6,1,1
BRDA:11,7,0,1
BRDA:11,7,1,1
BRF:16
BRH:16
end_of_record
TN:
SF:app.js
FN:16,(anonymous_0)
FNF:1
FNH:1
FNDA:5,(anonymous_0)
DA:2,1
DA:3,1
DA:4,1
DA:5,1
DA:6,1
DA:7,1
DA:9,1
DA:10,1
DA:11,1
DA:12,1
DA:13,1
DA:14,1
DA:15,1
DA:16,1
DA:17,5
DA:20,1
LF:16
LH:16
BRF:0
BRH:0
end_of_record
TN:
SF:connect.js
FN:4,(anonymous_0)
FNF:1
FNH:1
FNDA:3,(anonymous_0)
DA:1,1
DA:2,1
DA:4,1
DA:5,3
LF:4
LH:4
BRF:0
BRH:0
end_of_record
TN:
SF:index.js
FN:4,(anonymous_0)
FNF:1
FNH:1
FNDA:1,(anonymous_0)
DA:1,1
DA:2,1
DA:4,1
DA:5,1
LF:4
LH:4
BRF:0
BRH:0
end_of_record
TN:
SF:controllers\service.js
FN:7,(anonymous_0)
FN:75,validationCreateService
FN:114,serviceExists
FN:119,(anonymous_3)
FN:145,recoverService
FN:150,(anonymous_5)
FN:167,createService
FN:173,(anonymous_7)
FN:193,searchCategory
FN:201,(anonymous_9)
FN:220,searchService
FN:224,(anonymous_11)
FN:240,editService
FN:249,(anonymous_13)
FN:270,deleteService
FN:276,(anonymous_15)
FN:295,getHomeServices
FN:300,(anonymous_17)
FN:316,getMyServices
FN:321,(anonymous_19)
FNF:20
FNH:0
FNDA:0,(anonymous_0)
FNDA:0,validationCreateService
FNDA:0,serviceExists
FNDA:0,(anonymous_3)
FNDA:0,recoverService
FNDA:0,(anonymous_5)
FNDA:0,createService
FNDA:0,(anonymous_7)
FNDA:0,searchCategory
FNDA:0,(anonymous_9)
FNDA:0,searchService
FNDA:0,(anonymous_11)
FNDA:0,editService
FNDA:0,(anonymous_13)
FNDA:0,deleteService
FNDA:0,(anonymous_15)
FNDA:0,getHomeServices
FNDA:0,(anonymous_17)
FNDA:0,getMyServices
FNDA:0,(anonymous_19)
DA:1,1
DA:2,1
DA:3,1
DA:4,1
DA:5,1
DA:7,1
DA:9,0
DA:12,0
DA:13,0
DA:15,0
DA:16,0
DA:21,0
DA:23,0
DA:30,0
DA:31,0
DA:36,0
DA:38,0
DA:41,0
DA:42,0
DA:47,0
DA:49,0
DA:53,0
DA:54,0
DA:57,0
DA:58,0
DA:63,0
DA:65,0
DA:68,0
DA:83,0
DA:84,0
DA:85,0
DA:87,0
DA:89,0
DA:91,0
DA:92,0
DA:95,0
DA:101,0
DA:102,0
DA:105,0
DA:116,0
DA:118,0
DA:119,0
DA:121,0
DA:122,0
DA:123,0
DA:125,0
DA:126,0
DA:127,0
DA:131,0
DA:132,0
DA:133,0
DA:136,0
DA:137,0
DA:146,0
DA:149,0
DA:150,0
DA:152,0
DA:153,0
DA:158,0
DA:168,0
DA:172,0
DA:173,0
DA:175,0
DA:176,0
DA:181,0
DA:197,0
DA:198,0
DA:199,0
DA:201,0
DA:202,0
DA:203,0
DA:207,0
DA:208,0
DA:213,0
DA:214,0
DA:221,0
DA:222,0
DA:224,0
DA:225,0
DA:226,0
DA:231,0
DA:242,0
DA:243,0
DA:245,0
DA:248,0
DA:249,0
DA:251,0
DA:252,0
DA:257,0
DA:272,0
DA:273,0
DA:275,0
DA:276,0
DA:277,0
DA:278,0
DA:283,0
DA:297,0
DA:299,0
DA:300,0
DA:301,0
DA:302,0
DA:307,0
DA:318,0
DA:320,0
DA:321,0
DA:322,0
DA:323,0
DA:328,0
DA:335,1
LF:109
LH:7
BRDA:13,0,0,0
BRDA:13,0,1,0
BRDA:13,0,2,0
BRDA:13,0,3,0
BRDA:13,0,4,0
BRDA:13,0,5,0
BRDA:15,1,0,0
BRDA:15,1,1,0
BRDA:30,2,0,0
BRDA:30,2,1,0
BRDA:41,3,0,0
BRDA:41,3,1,0
BRDA:57,4,0,0
BRDA:57,4,1,0
BRDA:89,5,0,0
BRDA:89,5,1,0
BRDA:89,5,2,0
BRDA:89,5,3,0
BRDA:121,6,0,0
BRDA:121,6,1,0
BRDA:125,7,0,0
BRDA:125,7,1,0
BRDA:131,8,0,0
BRDA:131,8,1,0
BRDA:152,9,0,0
BRDA:152,9,1,0
BRDA:175,10,0,0
BRDA:175,10,1,0
BRDA:202,11,0,0
BRDA:202,11,1,0
BRDA:207,12,0,0
BRDA:207,12,1,0
BRDA:225,13,0,0
BRDA:225,13,1,0
BRDA:251,14,0,0
BRDA:251,14,1,0
BRDA:277,15,0,0
BRDA:277,15,1,0
BRDA:301,16,0,0
BRDA:301,16,1,0
BRDA:322,17,0,0
BRDA:322,17,1,0
BRF:42
BRH:0
end_of_record
TN:
SF:controllers\user.js
FN:8,(anonymous_0)
FN:34,registerUser
FN:41,(anonymous_2)
FN:45,(anonymous_3)
FN:68,loginUser
FN:73,(anonymous_5)
FN:85,(anonymous_6)
FN:119,searchUser
FN:125,(anonymous_8)
FN:144,getUsers
FN:150,(anonymous_10)
FNF:11
FNH:3
FNDA:2,(anonymous_0)
FNDA:0,registerUser
FNDA:0,(anonymous_2)
FNDA:0,(anonymous_3)
FNDA:0,loginUser
FNDA:0,(anonymous_5)
FNDA:0,(anonymous_6)
FNDA:2,searchUser
FNDA:2,(anonymous_8)
FNDA:0,getUsers
FNDA:0,(anonymous_10)
DA:1,1
DA:2,1
DA:3,1
DA:4,1
DA:5,1
DA:8,1
DA:12,2
DA:13,2
DA:15,0
DA:16,0
DA:18,0
DA:19,0
DA:21,2
DA:22,2
DA:24,0
DA:25,0
DA:27,0
DA:36,0
DA:37,0
DA:38,0
DA:41,0
DA:42,0
DA:43,0
DA:47,0
DA:48,0
DA:53,0
DA:69,0
DA:70,0
DA:71,0
DA:74,0
DA:76,0
DA:77,0
DA:82,0
DA:83,0
DA:84,0
DA:86,0
DA:87,0
DA:92,0
DA:93,0
DA:94,0
DA:95,0
DA:120,2
DA:121,2
DA:122,2
DA:126,2
DA:127,0
DA:132,2
DA:140,2
DA:146,0
DA:147,0
DA:151,0
DA:152,0
DA:157,0
DA:164,0
DA:165,0
DA:169,1
LF:56
LH:17
BRDA:13,0,0,0
BRDA:13,0,1,0
BRDA:13,0,2,2
BRDA:13,0,3,0
BRDA:13,0,4,0
BRDA:47,1,0,0
BRDA:47,1,1,0
BRDA:74,2,0,0
BRDA:74,2,1,0
BRDA:76,3,0,0
BRDA:76,3,1,0
BRDA:76,4,0,0
BRDA:76,4,1,0
BRDA:82,5,0,0
BRDA:82,5,1,0
BRDA:86,6,0,0
BRDA:86,6,1,0
BRDA:92,7,0,0
BRDA:92,7,1,0
BRDA:126,8,0,0
BRDA:126,8,1,2
BRDA:151,9,0,0
BRDA:151,9,1,0
BRF:23
BRH:2
end_of_record
TN:
SF:middleware\auth.js
FN:5,ensureAuthenticated
FN:20,(anonymous_1)
FN:24,(anonymous_2)
FNF:3
FNH:0
FNDA:0,ensureAuthenticated
FNDA:0,(anonymous_1)
FNDA:0,(anonymous_2)
DA:1,1
DA:2,1
DA:3,1
DA:6,0
DA:7,0
DA:13,0
DA:14,0
DA:16,0
DA:19,0
DA:21,0
DA:22,0
DA:25,0
DA:26,0
DA:27,0
DA:28,0
DA:29,0
DA:30,0
DA:31,0
DA:39,1
LF:19
LH:4
BRDA:6,0,0,0
BRDA:6,0,1,0
BRDA:16,1,0,0
BRDA:16,1,1,0
BRDA:26,2,0,0
BRDA:26,2,1,0
BRDA:27,3,0,0
BRDA:27,3,1,0
BRF:8
BRH:0
end_of_record
TN:
SF:models\Servicios.js
FN:5,(anonymous_0)
FNF:1
FNH:0
FNDA:0,(anonymous_0)
DA:6,0
DA:11,0
DA:14,1
LF:3
LH:1
BRF:0
BRH:0
end_of_record
TN:
SF:models\Usuarios.js
FN:4,(anonymous_0)
FNF:1
FNH:0
FNDA:0,(anonymous_0)
DA:5,0
DA:19,1
LF:2
LH:1
BRF:0
BRH:0
end_of_record
TN:
SF:routes\index.js
FN:8,(anonymous_0)
FN:15,(anonymous_1)
FN:24,(anonymous_2)
FNF:3
FNH:1
FNDA:7,(anonymous_0)
FNDA:0,(anonymous_1)
FNDA:0,(anonymous_2)
DA:1,1
DA:2,1
DA:3,1
DA:4,1
DA:5,1
DA:6,1
DA:7,1
DA:8,1
DA:9,7
DA:10,7
DA:11,7
DA:12,7
DA:15,1
DA:16,0
DA:19,1
DA:22,1
DA:24,1
DA:25,0
DA:30,1
DA:33,1
LF:20
LH:18
BRF:0
BRH:0
end_of_record
TN:
SF:services\index.js
FN:5,createToken
FN:14,decodeToken
FN:17,(anonymous_2)
FNF:3
FNH:0
FNDA:0,createToken
FNDA:0,decodeToken
FNDA:0,(anonymous_2)
DA:1,1
DA:2,1
DA:3,1
DA:6,0
DA:11,0
DA:15,0
DA:16,0
DA:17,0
DA:18,0
DA:19,0
DA:20,0
DA:21,0
DA:22,0
DA:23,0
DA:24,0
DA:26,0
DA:27,0
DA:28,0
DA:29,0
DA:32,0
DA:34,0
DA:35,0
DA:36,0
DA:37,0
DA:40,0
DA:42,1
LF:26
LH:4
BRDA:20,0,0,0
BRDA:20,0,1,0
BRF:2
BRH:0
end_of_record
TN:
SF:util\comun.js
FN:6,ObjectResponse
FN:16,validateLanguage
FN:26,getLanguage
FN:31,sendMail
FN:37,(anonymous_4)
FN:54,(anonymous_5)
FN:61,evalObjectValue
FN:64,(anonymous_7)
FN:73,base64_encode
FN:81,base64_decode
FN:94,validateEmail
FN:99,validateUrl
FNF:12
FNH:0
FNDA:0,ObjectResponse
FNDA:0,validateLanguage
FNDA:0,getLanguage
FNDA:0,sendMail
FNDA:0,(anonymous_4)
FNDA:0,(anonymous_5)
FNDA:0,evalObjectValue
FNDA:0,(anonymous_7)
FNDA:0,base64_encode
FNDA:0,base64_decode
FNDA:0,validateEmail
FNDA:0,validateUrl
DA:2,1
DA:3,1
DA:4,1
DA:7,0
DA:13,0
DA:17,0
DA:18,0
DA:19,0
DA:20,0
DA:22,0
DA:27,0
DA:28,0
DA:32,0
DA:33,0
DA:34,0
DA:35,0
DA:36,0
DA:37,0
DA:38,0
DA:39,0
DA:40,0
DA:41,0
DA:42,0
DA:44,0
DA:47,0
DA:48,0
DA:54,0
DA:55,0
DA:56,0
DA:57,0
DA:62,0
DA:63,0
DA:64,0
DA:65,0
DA:66,0
DA:70,0
DA:75,0
DA:77,0
DA:83,0
DA:84,0
DA:86,0
DA:88,0
DA:90,0
DA:91,0
DA:95,0
DA:96,0
DA:100,0
DA:101,0
DA:104,1
LF:49
LH:4
BRDA:17,0,0,0
BRDA:17,0,1,0
BRDA:18,1,0,0
BRDA:18,1,1,0
BRDA:19,2,0,0
BRDA:19,2,1,0
BRDA:27,3,0,0
BRDA:27,3,1,0
BRDA:31,4,0,0
BRDA:65,5,0,0
BRDA:65,5,1,0
BRDA:84,6,0,0
BRDA:84,6,1,0
BRDA:84,7,0,0
BRDA:84,7,1,0
BRF:15
BRH:0
end_of_record
TN:
SF:util\constant.js
FNF:0
FNH:0
DA:3,1
DA:8,1
LF:2
LH:2
BRF:0
BRH:0
end_of_record
